<?xml version="1.0" encoding="UTF-8"?>
<!-- Generated by org.testng.reporters.JUnitReportReporter -->
<testsuite skipped="0" hostname="LAPTOP-0B4RIPMO" name="Runner.HomeDepotAcc" tests="2" failures="0" timestamp="2020-08-16T19:56:50 EDT" time="3.730" errors="0">
  <testcase name="Register" time="1.543" classname="Runner.HomeDepotAcc"/>
  <system-out/>
  <testcase name="CreatingHomeDepoAccInfo" time="2.187" classname="Runner.HomeDepotAcc"/>
  <system-out/>
</testsuite> <!-- Runner.HomeDepotAcc -->
