<?xml version="1.0" encoding="UTF-8"?>
<!-- Generated by org.testng.reporters.JUnitReportReporter -->
<testsuite skipped="0" hostname="LAPTOP-0B4RIPMO" name="BootCamp.PageObjectModelHomeDepot.Base" tests="1" failures="0" timestamp="2020-08-15T18:42:39 EDT" time="0.005" errors="0">
  <testcase name="f" time="0.005" classname="BootCamp.PageObjectModelHomeDepot.Base"/>
  <system-out/>
</testsuite> <!-- BootCamp.PageObjectModelHomeDepot.Base -->
